<?xml version="1.0" encoding="UTF-8"?>
<!-- Generated by org.testng.reporters.JUnitReportReporter -->
<testsuite hostname="wittyfeed-Vostro-3558" name="PoppleTestCases.ReadingHARdata" tests="1" failures="0" timestamp="7 Dec 2018 10:53:22 GMT" time="15.256" errors="0">
  <testcase name="CreatHarFile" time="15.256" classname="PoppleTestCases.ReadingHARdata"/>
</testsuite>
