<?xml version="1.0" encoding="UTF-8"?>
<!-- Generated by org.testng.reporters.JUnitReportReporter -->
<testsuite hostname="wittyfeed-Vostro-3558" name="PoppleTestCases.CaptureAndParsingHarFileForPixPngTest" tests="2" failures="0" timestamp="6 Dec 2018 06:17:14 GMT" time="47.609" errors="0">
  <testcase name="CreatHarFile" time="35.685" classname="PoppleTestCases.CaptureAndParsingHarFileForPixPngTest"/>
  <testcase name="HarFileParsing" time="11.924" classname="PoppleTestCases.CaptureAndParsingHarFileForPixPngTest"/>
</testsuite>
