<?xml version="1.0" encoding="UTF-8"?>
<!-- Generated by org.testng.reporters.JUnitReportReporter -->
<testsuite hostname="wittyfeed-Vostro-3558" name="PopplePages.CaptureHttpsTrafficTest" tests="1" failures="0" timestamp="6 Dec 2018 05:31:31 GMT" time="44.365" errors="0">
  <testcase name="CreatHarFile" time="44.365" classname="PopplePages.CaptureHttpsTrafficTest"/>
</testsuite>
