<?xml version="1.0" encoding="UTF-8"?>
<!-- Generated by org.testng.reporters.JUnitReportReporter -->
<testsuite hostname="wittyfeed-Vostro-3558" name="PoppleTestCases.CatagoriesPageTestCases" tests="26" failures="0" timestamp="6 Dec 2018 07:57:20 GMT" time="133.364" errors="0">
  <testcase name="CheckPopularSubCata" time="1.062" classname="PoppleTestCases.CatagoriesPageTestCases"/>
  <testcase name="CheckVideoLink" time="1.058" classname="PoppleTestCases.CatagoriesPageTestCases"/>
  <testcase name="CheckHumorPage" time="7.306" classname="PoppleTestCases.CatagoriesPageTestCases"/>
  <testcase name="ClickHamburgerMenu" time="0.227" classname="PoppleTestCases.CatagoriesPageTestCases"/>
  <testcase name="CheckDiyPage" time="6.280" classname="PoppleTestCases.CatagoriesPageTestCases"/>
  <testcase name="CheckVideoPage" time="6.991" classname="PoppleTestCases.CatagoriesPageTestCases"/>
  <testcase name="CheckPopularCata" time="1.060" classname="PoppleTestCases.CatagoriesPageTestCases"/>
  <testcase name="CheckpeopleSubCata" time="1.057" classname="PoppleTestCases.CatagoriesPageTestCases"/>
  <testcase name="CheckPositiveCata" time="1.125" classname="PoppleTestCases.CatagoriesPageTestCases"/>
  <testcase name="CheckOpinionPage" time="5.479" classname="PoppleTestCases.CatagoriesPageTestCases"/>
  <testcase name="CheckQuizPage" time="6.213" classname="PoppleTestCases.CatagoriesPageTestCases"/>
  <testcase name="CheckPeoplePage" time="8.734" classname="PoppleTestCases.CatagoriesPageTestCases"/>
  <testcase name="CheckPositiveSubCata" time="1.069" classname="PoppleTestCases.CatagoriesPageTestCases"/>
  <testcase name="CheckCulturePage" time="6.968" classname="PoppleTestCases.CatagoriesPageTestCases"/>
  <testcase name="CheckPositivePage" time="17.640" classname="PoppleTestCases.CatagoriesPageTestCases"/>
  <testcase name="CheckAnimalsPage" time="8.650" classname="PoppleTestCases.CatagoriesPageTestCases"/>
  <testcase name="CheckSportsPage" time="6.571" classname="PoppleTestCases.CatagoriesPageTestCases"/>
  <testcase name="CheckEntertainmentPage" time="5.781" classname="PoppleTestCases.CatagoriesPageTestCases"/>
  <testcase name="CheckLifestylePage" time="5.651" classname="PoppleTestCases.CatagoriesPageTestCases"/>
  <testcase name="CheckTerendingPage" time="7.296" classname="PoppleTestCases.CatagoriesPageTestCases"/>
  <testcase name="CheckTechnologyPage" time="6.991" classname="PoppleTestCases.CatagoriesPageTestCases"/>
  <testcase name="CheckpeopleCata" time="1.061" classname="PoppleTestCases.CatagoriesPageTestCases"/>
  <testcase name="CheckRelationshipPage" time="5.783" classname="PoppleTestCases.CatagoriesPageTestCases"/>
  <testcase name="CheckTravelPage" time="6.158" classname="PoppleTestCases.CatagoriesPageTestCases"/>
  <testcase name="CheckPopularPage" time="6.101" classname="PoppleTestCases.CatagoriesPageTestCases"/>
  <testcase name="CheckQuizLink" time="1.052" classname="PoppleTestCases.CatagoriesPageTestCases"/>
</testsuite>
