<?xml version="1.0" encoding="UTF-8"?>
<!-- Generated by org.testng.reporters.JUnitReportReporter -->
<testsuite hostname="wittyfeed-Vostro-3558" name="PoppleTestCases.HomePageTestCasesTest" tests="31" failures="0" timestamp="6 Dec 2018 06:04:35 GMT" time="14.614" errors="0">
  <testcase name="CheckSecondPostImage" time="0.010" classname="PoppleTestCases.HomePageTestCasesTest"/>
  <testcase name="CheckYouTubeLink" time="0.013" classname="PoppleTestCases.HomePageTestCasesTest"/>
  <testcase name="CheckSecondPostTitle" time="0.014" classname="PoppleTestCases.HomePageTestCasesTest"/>
  <testcase name="CheckQuizeLink" time="0.015" classname="PoppleTestCases.HomePageTestCasesTest"/>
  <testcase name="CheckFeaturedPostAuthor" time="0.017" classname="PoppleTestCases.HomePageTestCasesTest"/>
  <testcase name="CheckLatestStoryTitle" time="0.011" classname="PoppleTestCases.HomePageTestCasesTest"/>
  <testcase name="CheckpopularCategoriesLink" time="0.011" classname="PoppleTestCases.HomePageTestCasesTest"/>
  <testcase name="CheckLatestStoryAuthor" time="1.032" classname="PoppleTestCases.HomePageTestCasesTest"/>
  <testcase name="CheckLatestStoryImage" time="0.011" classname="PoppleTestCases.HomePageTestCasesTest"/>
  <testcase name="CheckTheVideo1" time="1.030" classname="PoppleTestCases.HomePageTestCasesTest"/>
  <testcase name="CheckFeaturedPostTitle" time="0.013" classname="PoppleTestCases.HomePageTestCasesTest"/>
  <testcase name="CheckFacebookLink" time="0.014" classname="PoppleTestCases.HomePageTestCasesTest"/>
  <testcase name="CheckThirdPostAuthor" time="0.010" classname="PoppleTestCases.HomePageTestCasesTest"/>
  <testcase name="Checkvideo2" time="1.029" classname="PoppleTestCases.HomePageTestCasesTest"/>
  <testcase name="CheckSearchOption" time="0.028" classname="PoppleTestCases.HomePageTestCasesTest"/>
  <testcase name="QuizeFeedAuthor" time="1.038" classname="PoppleTestCases.HomePageTestCasesTest"/>
  <testcase name="CheckEatSleepReadReaptAuthor" time="1.033" classname="PoppleTestCases.HomePageTestCasesTest"/>
  <testcase name="CheckTwittLink" time="0.013" classname="PoppleTestCases.HomePageTestCasesTest"/>
  <testcase name="CheckSecondPostAuthor" time="0.012" classname="PoppleTestCases.HomePageTestCasesTest"/>
  <testcase name="CheckSiteLogo" time="0.017" classname="PoppleTestCases.HomePageTestCasesTest"/>
  <testcase name="CheckQuizefeedTitle" time="1.042" classname="PoppleTestCases.HomePageTestCasesTest"/>
  <testcase name="CheckFeaturedPostImage" time="0.015" classname="PoppleTestCases.HomePageTestCasesTest"/>
  <testcase name="CheckQuizeFeedImage" time="1.036" classname="PoppleTestCases.HomePageTestCasesTest"/>
  <testcase name="CheckVideosLink" time="0.017" classname="PoppleTestCases.HomePageTestCasesTest"/>
  <testcase name="CheckInstaLink" time="5.012" classname="PoppleTestCases.HomePageTestCasesTest"/>
  <testcase name="CheckEatSleepReadReaptImage" time="1.026" classname="PoppleTestCases.HomePageTestCasesTest"/>
  <testcase name="CheckPeopleCategoriesLink" time="0.020" classname="PoppleTestCases.HomePageTestCasesTest"/>
  <testcase name="CheckEatSleepReadReaptTitle" time="1.039" classname="PoppleTestCases.HomePageTestCasesTest"/>
  <testcase name="CheckPositiveCategoriesLink" time="0.015" classname="PoppleTestCases.HomePageTestCasesTest"/>
  <testcase name="CheckThirdPostTitle" time="0.012" classname="PoppleTestCases.HomePageTestCasesTest"/>
  <testcase name="CheckThirdPostImage" time="0.009" classname="PoppleTestCases.HomePageTestCasesTest"/>
</testsuite>
