<?xml version="1.0" encoding="UTF-8"?>
<!-- Generated by org.testng.reporters.JUnitReportReporter -->
<testsuite hostname="wittyfeed-Vostro-3558" name="PoppleTestCases.CatagoriesPageTestCases" tests="26" failures="0" timestamp="7 Dec 2018 06:32:09 GMT" time="88.281" errors="0">
  <testcase name="CheckOpinionPage" time="4.529" classname="PoppleTestCases.CatagoriesPageTestCases"/>
  <testcase name="CheckQuizLink" time="1.051" classname="PoppleTestCases.CatagoriesPageTestCases"/>
  <testcase name="CheckTravelPage" time="4.551" classname="PoppleTestCases.CatagoriesPageTestCases"/>
  <testcase name="CheckRelationshipPage" time="4.579" classname="PoppleTestCases.CatagoriesPageTestCases"/>
  <testcase name="CheckVideoPage" time="5.479" classname="PoppleTestCases.CatagoriesPageTestCases"/>
  <testcase name="CheckPositiveCata" time="1.151" classname="PoppleTestCases.CatagoriesPageTestCases"/>
  <testcase name="CheckAnimalsPage" time="4.612" classname="PoppleTestCases.CatagoriesPageTestCases"/>
  <testcase name="CheckTechnologyPage" time="4.499" classname="PoppleTestCases.CatagoriesPageTestCases"/>
  <testcase name="CheckDiyPage" time="4.696" classname="PoppleTestCases.CatagoriesPageTestCases"/>
  <testcase name="CheckPopularCata" time="1.060" classname="PoppleTestCases.CatagoriesPageTestCases"/>
  <testcase name="CheckCulturePage" time="4.548" classname="PoppleTestCases.CatagoriesPageTestCases"/>
  <testcase name="CheckSportsPage" time="4.531" classname="PoppleTestCases.CatagoriesPageTestCases"/>
  <testcase name="CheckPeoplePage" time="4.438" classname="PoppleTestCases.CatagoriesPageTestCases"/>
  <testcase name="CheckEntertainmentPage" time="4.475" classname="PoppleTestCases.CatagoriesPageTestCases"/>
  <testcase name="CheckHumorPage" time="4.663" classname="PoppleTestCases.CatagoriesPageTestCases"/>
  <testcase name="CheckTerendingPage" time="4.429" classname="PoppleTestCases.CatagoriesPageTestCases"/>
  <testcase name="CheckLifestylePage" time="4.451" classname="PoppleTestCases.CatagoriesPageTestCases"/>
  <testcase name="CheckPositiveSubCata" time="1.064" classname="PoppleTestCases.CatagoriesPageTestCases"/>
  <testcase name="CheckPopularSubCata" time="1.060" classname="PoppleTestCases.CatagoriesPageTestCases"/>
  <testcase name="CheckpeopleCata" time="1.070" classname="PoppleTestCases.CatagoriesPageTestCases"/>
  <testcase name="CheckpeopleSubCata" time="1.065" classname="PoppleTestCases.CatagoriesPageTestCases"/>
  <testcase name="CheckVideoLink" time="1.057" classname="PoppleTestCases.CatagoriesPageTestCases"/>
  <testcase name="ClickHamburgerMenu" time="0.262" classname="PoppleTestCases.CatagoriesPageTestCases"/>
  <testcase name="CheckQuizPage" time="5.376" classname="PoppleTestCases.CatagoriesPageTestCases"/>
  <testcase name="CheckPopularPage" time="4.702" classname="PoppleTestCases.CatagoriesPageTestCases"/>
  <testcase name="CheckPositivePage" time="4.883" classname="PoppleTestCases.CatagoriesPageTestCases"/>
</testsuite>
