<?xml version="1.0" encoding="UTF-8"?>
<!-- Generated by org.testng.reporters.JUnitReportReporter -->
<testsuite hostname="wittyfeed-Vostro-3558" name="PoppleTestCases.CaptureAndParsingHarFileForPixPngTest" tests="32" failures="0" timestamp="7 Dec 2018 11:02:18 GMT" time="13.341" errors="0">
  <testcase name="Checktotal_adsValue" time="0.124" classname="PoppleTestCases.CaptureAndParsingHarFileForPixPngTest"/>
  <testcase name="CheckGMTValue" time="0.089" classname="PoppleTestCases.CaptureAndParsingHarFileForPixPngTest"/>
  <testcase name="Checkpage_typeValue" time="0.049" classname="PoppleTestCases.CaptureAndParsingHarFileForPixPngTest"/>
  <testcase name="Checkcountry_codeValue" time="0.059" classname="PoppleTestCases.CaptureAndParsingHarFileForPixPngTest"/>
  <testcase name="Checkreferral_domainValue" time="0.059" classname="PoppleTestCases.CaptureAndParsingHarFileForPixPngTest"/>
  <testcase name="Checkcurrent_blockValue" time="0.059" classname="PoppleTestCases.CaptureAndParsingHarFileForPixPngTest"/>
  <testcase name="Checklanguage_EnglishValue" time="0.064" classname="PoppleTestCases.CaptureAndParsingHarFileForPixPngTest"/>
  <testcase name="CheckdomainValue" time="0.061" classname="PoppleTestCases.CaptureAndParsingHarFileForPixPngTest"/>
  <testcase name="CheckpidValue" time="0.059" classname="PoppleTestCases.CaptureAndParsingHarFileForPixPngTest"/>
  <testcase name="OpenGoogleappsHar_analyzer" time="11.450" classname="PoppleTestCases.CaptureAndParsingHarFileForPixPngTest"/>
  <testcase name="CheckadblockerValue" time="0.051" classname="PoppleTestCases.CaptureAndParsingHarFileForPixPngTest"/>
  <testcase name="CheckussValue" time="0.061" classname="PoppleTestCases.CaptureAndParsingHarFileForPixPngTest"/>
  <testcase name="Checkwriter_idValue" time="0.048" classname="PoppleTestCases.CaptureAndParsingHarFileForPixPngTest"/>
  <testcase name="CheckcityValue" time="0.049" classname="PoppleTestCases.CaptureAndParsingHarFileForPixPngTest"/>
  <testcase name="CheckadPartnerValue" time="0.051" classname="PoppleTestCases.CaptureAndParsingHarFileForPixPngTest"/>
  <testcase name="Checktotal_blocksValue" time="0.060" classname="PoppleTestCases.CaptureAndParsingHarFileForPixPngTest"/>
  <testcase name="CheckofcValue" time="0.065" classname="PoppleTestCases.CaptureAndParsingHarFileForPixPngTest"/>
  <testcase name="Checkgoogle_entitiesValue" time="0.052" classname="PoppleTestCases.CaptureAndParsingHarFileForPixPngTest"/>
  <testcase name="CheckfpValue" time="0.049" classname="PoppleTestCases.CaptureAndParsingHarFileForPixPngTest"/>
  <testcase name="Checkvisit_blockValue" time="0.065" classname="PoppleTestCases.CaptureAndParsingHarFileForPixPngTest"/>
  <testcase name="CheckPBValue" time="0.080" classname="PoppleTestCases.CaptureAndParsingHarFileForPixPngTest"/>
  <testcase name="Checkstory_idValue" time="0.050" classname="PoppleTestCases.CaptureAndParsingHarFileForPixPngTest"/>
  <testcase name="Checkcountry_nameValue" time="0.050" classname="PoppleTestCases.CaptureAndParsingHarFileForPixPngTest"/>
  <testcase name="Checkwriter_nameValue" time="0.053" classname="PoppleTestCases.CaptureAndParsingHarFileForPixPngTest"/>
  <testcase name="Checkcategory_peopleValue" time="0.053" classname="PoppleTestCases.CaptureAndParsingHarFileForPixPngTest"/>
  <testcase name="Checkcategory_idValue" time="0.059" classname="PoppleTestCases.CaptureAndParsingHarFileForPixPngTest"/>
  <testcase name="Checktree_idValue" time="0.072" classname="PoppleTestCases.CaptureAndParsingHarFileForPixPngTest"/>
  <testcase name="Checkpage_urlValue" time="0.047" classname="PoppleTestCases.CaptureAndParsingHarFileForPixPngTest"/>
  <testcase name="Checkinit_story_idValue" time="0.050" classname="PoppleTestCases.CaptureAndParsingHarFileForPixPngTest"/>
  <testcase name="Checkdev_sourceValue" time="0.062" classname="PoppleTestCases.CaptureAndParsingHarFileForPixPngTest"/>
  <testcase name="Checkstory_tagsValue" time="0.083" classname="PoppleTestCases.CaptureAndParsingHarFileForPixPngTest"/>
  <testcase name="Checkclient_ipValue" time="0.058" classname="PoppleTestCases.CaptureAndParsingHarFileForPixPngTest"/>
</testsuite>
