<?xml version="1.0" encoding="UTF-8" ?>
<testsuite tests="31" failures="0" name="PoppleTestCases.TestCaseDashboardToVerifyImageAndContentTest" time="14.464" errors="0" skipped="0">
  <properties>
    <property name="java.runtime.name" value="Java(TM) SE Runtime Environment"/>
    <property name="sun.boot.library.path" value="/usr/lib/jvm/java-8-oracle/jre/lib/amd64"/>
    <property name="java.vm.version" value="25.191-b12"/>
    <property name="java.vm.vendor" value="Oracle Corporation"/>
    <property name="maven.multiModuleProjectDirectory" value="/home/wittyfeed/eclipse-workspace/Thepopple"/>
    <property name="java.vendor.url" value="http://java.oracle.com/"/>
    <property name="path.separator" value=":"/>
    <property name="guice.disable.misplaced.annotation.check" value="true"/>
    <property name="java.vm.name" value="Java HotSpot(TM) 64-Bit Server VM"/>
    <property name="file.encoding.pkg" value="sun.io"/>
    <property name="user.country" value="US"/>
    <property name="sun.java.launcher" value="SUN_STANDARD"/>
    <property name="sun.os.patch.level" value="unknown"/>
    <property name="java.vm.specification.name" value="Java Virtual Machine Specification"/>
    <property name="user.dir" value="/home/wittyfeed/eclipse-workspace/Thepopple"/>
    <property name="java.runtime.version" value="1.8.0_191-b12"/>
    <property name="java.awt.graphicsenv" value="sun.awt.X11GraphicsEnvironment"/>
    <property name="java.endorsed.dirs" value="/usr/lib/jvm/java-8-oracle/jre/lib/endorsed"/>
    <property name="os.arch" value="amd64"/>
    <property name="java.io.tmpdir" value="/tmp"/>
    <property name="line.separator" value="
"/>
    <property name="java.vm.specification.vendor" value="Oracle Corporation"/>
    <property name="os.name" value="Linux"/>
    <property name="classworlds.conf" value="/home/wittyfeed/eclipse-workspace/.metadata/.plugins/org.eclipse.m2e.launching/launches/m2conf3436379367201175683.tmp"/>
    <property name="sun.jnu.encoding" value="UTF-8"/>
    <property name="java.library.path" value="/usr/java/packages/lib/amd64:/usr/lib64:/lib64:/lib:/usr/lib"/>
    <property name="java.specification.name" value="Java Platform API Specification"/>
    <property name="java.class.version" value="52.0"/>
    <property name="sun.management.compiler" value="HotSpot 64-Bit Tiered Compilers"/>
    <property name="os.version" value="4.4.0-131-generic"/>
    <property name="user.home" value="/home/wittyfeed"/>
    <property name="user.timezone" value="Asia/Kolkata"/>
    <property name="java.awt.printerjob" value="sun.print.PSPrinterJob"/>
    <property name="file.encoding" value="UTF-8"/>
    <property name="java.specification.version" value="1.8"/>
    <property name="user.name" value="wittyfeed"/>
    <property name="java.class.path" value="/home/wittyfeed/.p2/pool/plugins/org.eclipse.m2e.maven.runtime_1.9.1.20180912-1600/jars/plexus-classworlds-2.5.2.jar"/>
    <property name="java.vm.specification.version" value="1.8"/>
    <property name="sun.arch.data.model" value="64"/>
    <property name="java.home" value="/usr/lib/jvm/java-8-oracle/jre"/>
    <property name="sun.java.command" value="org.codehaus.plexus.classworlds.launcher.Launcher -B test"/>
    <property name="java.specification.vendor" value="Oracle Corporation"/>
    <property name="user.language" value="en"/>
    <property name="awt.toolkit" value="sun.awt.X11.XToolkit"/>
    <property name="java.vm.info" value="mixed mode"/>
    <property name="java.version" value="1.8.0_191"/>
    <property name="java.ext.dirs" value="/usr/lib/jvm/java-8-oracle/jre/lib/ext:/usr/java/packages/lib/ext"/>
    <property name="securerandom.source" value="file:/dev/./urandom"/>
    <property name="sun.boot.class.path" value="/usr/lib/jvm/java-8-oracle/jre/lib/resources.jar:/usr/lib/jvm/java-8-oracle/jre/lib/rt.jar:/usr/lib/jvm/java-8-oracle/jre/lib/sunrsasign.jar:/usr/lib/jvm/java-8-oracle/jre/lib/jsse.jar:/usr/lib/jvm/java-8-oracle/jre/lib/jce.jar:/usr/lib/jvm/java-8-oracle/jre/lib/charsets.jar:/usr/lib/jvm/java-8-oracle/jre/lib/jfr.jar:/usr/lib/jvm/java-8-oracle/jre/classes"/>
    <property name="java.vendor" value="Oracle Corporation"/>
    <property name="maven.home" value="/home/wittyfeed/eclipse-workspace/Thepopple/EMBEDDED"/>
    <property name="file.separator" value="/"/>
    <property name="java.vendor.url.bug" value="http://bugreport.sun.com/bugreport/"/>
    <property name="sun.cpu.endian" value="little"/>
    <property name="sun.io.unicode.encoding" value="UnicodeLittle"/>
    <property name="sun.desktop" value="gnome"/>
    <property name="sun.cpu.isalist" value=""/>
  </properties>
  <testcase classname="PoppleTestCases.TestCaseDashboardToVerifyImageAndContentTest" name="CheckSearchOption" time="0.02"/>
  <testcase classname="PoppleTestCases.TestCaseDashboardToVerifyImageAndContentTest" name="CheckFacebookLink" time="0.016"/>
  <testcase classname="PoppleTestCases.TestCaseDashboardToVerifyImageAndContentTest" name="CheckInstaLink" time="5.011"/>
  <testcase classname="PoppleTestCases.TestCaseDashboardToVerifyImageAndContentTest" name="CheckTwittLink" time="0.015"/>
  <testcase classname="PoppleTestCases.TestCaseDashboardToVerifyImageAndContentTest" name="CheckYouTubeLink" time="0.01"/>
  <testcase classname="PoppleTestCases.TestCaseDashboardToVerifyImageAndContentTest" name="CheckSiteLogo" time="0.009"/>
  <testcase classname="PoppleTestCases.TestCaseDashboardToVerifyImageAndContentTest" name="CheckPositiveCategoriesLink" time="0.007"/>
  <testcase classname="PoppleTestCases.TestCaseDashboardToVerifyImageAndContentTest" name="CheckpopularCategoriesLink" time="0.007"/>
  <testcase classname="PoppleTestCases.TestCaseDashboardToVerifyImageAndContentTest" name="CheckPeopleCategoriesLink" time="0.009"/>
  <testcase classname="PoppleTestCases.TestCaseDashboardToVerifyImageAndContentTest" name="CheckVideosLink" time="0.01"/>
  <testcase classname="PoppleTestCases.TestCaseDashboardToVerifyImageAndContentTest" name="CheckQuizeLink" time="0.012"/>
  <testcase classname="PoppleTestCases.TestCaseDashboardToVerifyImageAndContentTest" name="CheckFeaturedPostImage" time="0.008"/>
  <testcase classname="PoppleTestCases.TestCaseDashboardToVerifyImageAndContentTest" name="CheckFeaturedPostTitle" time="0.008"/>
  <testcase classname="PoppleTestCases.TestCaseDashboardToVerifyImageAndContentTest" name="CheckFeaturedPostAuthor" time="0.018"/>
  <testcase classname="PoppleTestCases.TestCaseDashboardToVerifyImageAndContentTest" name="CheckSecondPostImage" time="0.008"/>
  <testcase classname="PoppleTestCases.TestCaseDashboardToVerifyImageAndContentTest" name="CheckSecondPostTitle" time="0.008"/>
  <testcase classname="PoppleTestCases.TestCaseDashboardToVerifyImageAndContentTest" name="CheckSecondPostAuthor" time="0.008"/>
  <testcase classname="PoppleTestCases.TestCaseDashboardToVerifyImageAndContentTest" name="CheckThirdPostImage" time="0.007"/>
  <testcase classname="PoppleTestCases.TestCaseDashboardToVerifyImageAndContentTest" name="CheckThirdPostTitle" time="0.008"/>
  <testcase classname="PoppleTestCases.TestCaseDashboardToVerifyImageAndContentTest" name="CheckThirdPostAuthor" time="0.009"/>
  <testcase classname="PoppleTestCases.TestCaseDashboardToVerifyImageAndContentTest" name="CheckLatestStoryImage" time="0.008"/>
  <testcase classname="PoppleTestCases.TestCaseDashboardToVerifyImageAndContentTest" name="CheckLatestStoryTitle" time="0.007"/>
  <testcase classname="PoppleTestCases.TestCaseDashboardToVerifyImageAndContentTest" name="CheckLatestStoryAuthor" time="1.024"/>
  <testcase classname="PoppleTestCases.TestCaseDashboardToVerifyImageAndContentTest" name="CheckTheVideo1" time="1.026"/>
  <testcase classname="PoppleTestCases.TestCaseDashboardToVerifyImageAndContentTest" name="Checkvideo2" time="1.026"/>
  <testcase classname="PoppleTestCases.TestCaseDashboardToVerifyImageAndContentTest" name="CheckQuizeFeedImage" time="1.032"/>
  <testcase classname="PoppleTestCases.TestCaseDashboardToVerifyImageAndContentTest" name="CheckQuizefeedTitle" time="1.033"/>
  <testcase classname="PoppleTestCases.TestCaseDashboardToVerifyImageAndContentTest" name="QuizeFeedAuthor" time="1.027"/>
  <testcase classname="PoppleTestCases.TestCaseDashboardToVerifyImageAndContentTest" name="CheckEatSleepReadReaptImage" time="1.025"/>
  <testcase classname="PoppleTestCases.TestCaseDashboardToVerifyImageAndContentTest" name="CheckEatSleepReadReaptTitle" time="1.027"/>
  <testcase classname="PoppleTestCases.TestCaseDashboardToVerifyImageAndContentTest" name="CheckEatSleepReadReaptAuthor" time="1.021"/>
</testsuite>